Determining if the pthread_create exist failed with the following output:
Change Dir: /home/debian/robot_delivery_system/build_isolated/path_planning/CMakeFiles/CMakeTmp

Run Build Command:"/usr/bin/make" "cmTC_4d171/fast"
/usr/bin/make -f CMakeFiles/cmTC_4d171.dir/build.make CMakeFiles/cmTC_4d171.dir/build
make[1]: Entering directory '/home/debian/robot_delivery_system/build_isolated/path_planning/CMakeFiles/CMakeTmp'
Building C object CMakeFiles/cmTC_4d171.dir/CheckSymbolExists.c.o
/usr/bin/cc    -o CMakeFiles/cmTC_4d171.dir/CheckSymbolExists.c.o   -c /home/debian/robot_delivery_system/build_isolated/path_planning/CMakeFiles/CMakeTmp/CheckSymbolExists.c
Linking C executable cmTC_4d171
/usr/bin/cmake -E cmake_link_script CMakeFiles/cmTC_4d171.dir/link.txt --verbose=1
/usr/bin/cc      -rdynamic CMakeFiles/cmTC_4d171.dir/CheckSymbolExists.c.o  -o cmTC_4d171 
/usr/bin/ld: CMakeFiles/cmTC_4d171.dir/CheckSymbolExists.c.o: in function `main':
CheckSymbolExists.c:(.text+0x2c): undefined reference to `pthread_create'
collect2: error: ld returned 1 exit status
make[1]: *** [CMakeFiles/cmTC_4d171.dir/build.make:87: cmTC_4d171] Error 1
make[1]: Leaving directory '/home/debian/robot_delivery_system/build_isolated/path_planning/CMakeFiles/CMakeTmp'
make: *** [Makefile:121: cmTC_4d171/fast] Error 2

File /home/debian/robot_delivery_system/build_isolated/path_planning/CMakeFiles/CMakeTmp/CheckSymbolExists.c:
/* */
#include <pthread.h>

int main(int argc, char** argv)
{
  (void)argv;
#ifndef pthread_create
  return ((int*)(&pthread_create))[argc];
#else
  (void)argc;
  return 0;
#endif
}

Determining if the function pthread_create exists in the pthreads failed with the following output:
Change Dir: /home/debian/robot_delivery_system/build_isolated/path_planning/CMakeFiles/CMakeTmp

Run Build Command:"/usr/bin/make" "cmTC_1500b/fast"
/usr/bin/make -f CMakeFiles/cmTC_1500b.dir/build.make CMakeFiles/cmTC_1500b.dir/build
make[1]: Entering directory '/home/debian/robot_delivery_system/build_isolated/path_planning/CMakeFiles/CMakeTmp'
Building C object CMakeFiles/cmTC_1500b.dir/CheckFunctionExists.c.o
/usr/bin/cc   -DCHECK_FUNCTION_EXISTS=pthread_create   -o CMakeFiles/cmTC_1500b.dir/CheckFunctionExists.c.o   -c /usr/share/cmake-3.13/Modules/CheckFunctionExists.c
Linking C executable cmTC_1500b
/usr/bin/cmake -E cmake_link_script CMakeFiles/cmTC_1500b.dir/link.txt --verbose=1
/usr/bin/cc  -DCHECK_FUNCTION_EXISTS=pthread_create    -rdynamic CMakeFiles/cmTC_1500b.dir/CheckFunctionExists.c.o  -o cmTC_1500b -lpthreads 
/usr/bin/ld: cannot find -lpthreads
collect2: error: ld returned 1 exit status
make[1]: *** [CMakeFiles/cmTC_1500b.dir/build.make:87: cmTC_1500b] Error 1
make[1]: Leaving directory '/home/debian/robot_delivery_system/build_isolated/path_planning/CMakeFiles/CMakeTmp'
make: *** [Makefile:121: cmTC_1500b/fast] Error 2


